[2019-03-13T00:02:29.828] [INFO] oth - 用户:未登录用户 id:#### 观看了宣传视频
[2019-03-13T06:25:04.285] [INFO] oth - 用户:🍒 id:d3eb839e-fdfa-41d6-9676-adfde26e870f 观看了宣传视频
[2019-03-13T06:33:29.662] [INFO] oth - 用户:未登录用户 id:#### 观看了宣传视频
[2019-03-13T06:33:29.858] [INFO] oth - 用户:未登录用户 id:#### 观看了宣传视频
[2019-03-13T06:33:29.901] [INFO] oth - 用户:未登录用户 id:#### 观看了宣传视频
[2019-03-13T06:33:29.945] [INFO] oth - 用户:未登录用户 id:#### 观看了宣传视频
[2019-03-13T06:34:11.874] [INFO] oth - 用户:未登录用户 id:#### 观看了宣传视频
[2019-03-13T07:58:38.192] [INFO] oth - 用户:未登录用户 id:#### 观看了宣传视频
[2019-03-13T08:47:43.880] [INFO] oth - 用户:维娜13478433617 id:4f533d3d-4283-4de9-894f-d1ed63ecb39a 观看了宣传视频
[2019-03-13T09:20:42.335] [INFO] oth - 用户:未登录用户 id:#### 观看了宣传视频
[2019-03-13T09:56:35.305] [INFO] oth - 用户:李铭 id:5cf19270-0148-452e-acae-19ffa8d64cb2 观看了宣传视频
[2019-03-13T10:11:05.645] [INFO] oth - 用户:文静 id:a8acac3d-d9e0-43d5-a73f-228c55577b77 观看了宣传视频
[2019-03-13T10:11:56.362] [INFO] oth - 用户:文静 id:a8acac3d-d9e0-43d5-a73f-228c55577b77 观看了宣传视频
[2019-03-13T10:12:06.242] [INFO] oth - 用户:文静 id:a8acac3d-d9e0-43d5-a73f-228c55577b77 观看了宣传视频
[2019-03-13T10:12:22.484] [INFO] oth - 用户:文静 id:a8acac3d-d9e0-43d5-a73f-228c55577b77 观看了宣传视频
[2019-03-13T10:37:13.322] [INFO] oth - 用户:未登录用户 id:#### 观看了宣传视频
[2019-03-13T10:46:46.386] [INFO] oth - 用户:A    mary id:70255086-bd8e-42c6-867f-0160e086e352 观看了宣传视频
[2019-03-13T10:47:56.813] [INFO] oth - 用户:A  召香皮肤管理中心～蕊蕊 id:562d3a7f-bd9e-4af0-ad23-a27d7438d629 观看了宣传视频
[2019-03-13T10:49:50.046] [INFO] oth - 用户:茜儿 id:ed082b84-b70a-4731-a993-44d2d4aa7d9d 观看了宣传视频
[2019-03-13T10:55:48.878] [INFO] oth - 用户:唯美度美容会馆 id:faee15b9-7b23-47e8-93c0-0a8db7d148be 观看了宣传视频
[2019-03-13T11:36:33.606] [INFO] oth - 用户:AA品牌连锁店专业护肤美容养生会所 id:38ed51fe-1a03-43fa-8e20-f1788a5f28ea 观看了宣传视频
[2019-03-13T11:41:42.599] [INFO] oth - 用户:未登录用户 id:#### 观看了宣传视频
[2019-03-13T13:45:03.876] [INFO] oth - 用户:A～张晗😊 id:7f7e220f-9247-4201-a4b5-f7bd28886fe4 观看了宣传视频
[2019-03-13T13:45:44.485] [INFO] oth - 用户:A～张晗😊 id:7f7e220f-9247-4201-a4b5-f7bd28886fe4 观看了宣传视频
[2019-03-13T13:56:34.670] [INFO] oth - 用户:未登录用户 id:#### 观看了宣传视频
[2019-03-13T14:08:15.732] [INFO] oth - 用户: 🌻 id:f89e00e8-cde9-4c92-b66f-37802b0b5c06 观看了宣传视频
[2019-03-13T14:08:17.357] [INFO] oth - 用户:未登录用户 id:#### 观看了宣传视频
[2019-03-13T14:12:05.762] [INFO] oth - 用户:一帆 id:6890b6c1-1c07-4a37-8924-60b4acc2e587 观看了宣传视频
[2019-03-13T14:55:49.229] [INFO] oth - 用户:安安 id:bd61c728-0d30-45fd-ae8f-bacef60b14f5 观看了宣传视频
[2019-03-13T15:18:20.527] [INFO] oth - 用户:卍常戒师、 id:65aaa0f4-a597-40ef-957d-faf4c7541329 观看了宣传视频
[2019-03-13T15:18:25.262] [INFO] oth - 用户:卍常戒师、 id:65aaa0f4-a597-40ef-957d-faf4c7541329 观看了宣传视频
[2019-03-13T15:18:33.855] [INFO] oth - 用户:卍常戒师、 id:65aaa0f4-a597-40ef-957d-faf4c7541329 观看了宣传视频
[2019-03-13T15:18:40.012] [INFO] oth - 用户:卍常戒师、 id:65aaa0f4-a597-40ef-957d-faf4c7541329 观看了宣传视频
[2019-03-13T15:18:40.152] [INFO] oth - 用户:卍常戒师、 id:65aaa0f4-a597-40ef-957d-faf4c7541329 观看了宣传视频
[2019-03-13T16:04:25.132] [INFO] oth - 用户:张大宝 id:3b6105cc-f698-403b-bfc6-04455a7ef1c8 观看了宣传视频
[2019-03-13T16:18:15.320] [INFO] oth - 用户:郭紫阳 id:d174e3ea-c96e-457c-95aa-81762694019f 观看了宣传视频
[2019-03-13T16:45:10.585] [INFO] oth - 用户:AL没有不快乐的理由 id:1e471b39-0a9d-4197-8155-e62483265a06 观看了宣传视频
[2019-03-13T18:39:55.242] [INFO] oth - 用户:未登录用户 id:#### 观看了宣传视频
[2019-03-13T19:33:01.503] [INFO] oth - 用户:蓝琪儿 id:37db0544-2a66-4efd-b0c8-abd75cdd3a98 观看了宣传视频
[2019-03-13T19:45:13.079] [INFO] oth - 用户:程久胜 id:5b49246f-0bc6-4c8c-8b10-efe93c4eef1b 观看了宣传视频
[2019-03-13T20:12:51.589] [INFO] oth - 用户:未登录用户 id:#### 观看了宣传视频
[2019-03-13T22:07:50.862] [INFO] oth - 用户:坚持 id:ef60e16f-a1bb-4c03-bf1b-d7e7572d5aaa 观看了宣传视频
[2019-03-13T22:08:53.659] [INFO] oth - 用户:坚持 id:ef60e16f-a1bb-4c03-bf1b-d7e7572d5aaa 观看了宣传视频
[2019-03-13T22:09:43.612] [INFO] oth - 用户:AS唯美召香 化妆纹绣师 薇薇 id:3052c9c2-2f83-4f86-b8cd-d36fa6d4b8da 观看了宣传视频
