[2019-03-06T07:55:43.340] [INFO] oth - 用户:Blue Sky id:c78648c4-d4d6-46d1-b189-e4f195874854 观看了宣传视频
[2019-03-06T09:02:55.359] [INFO] oth - 用户:妈妈的小拴柱 id:4f953f30-fa83-4892-afd4-57cfd69be7be 观看了宣传视频
[2019-03-06T09:15:02.387] [INFO] oth - 用户:巧巧 id:3712f45f-6cce-420d-b0a8-be2ddced88fd 观看了宣传视频
[2019-03-06T09:33:15.082] [INFO] oth - 用户:魅力团队 id:109d8145-872e-42e7-897b-16619821a1ee 观看了宣传视频
[2019-03-06T09:33:53.713] [INFO] oth - 用户:魅力团队 id:109d8145-872e-42e7-897b-16619821a1ee 观看了宣传视频
[2019-03-06T09:34:20.101] [INFO] oth - 用户:魅力团队 id:109d8145-872e-42e7-897b-16619821a1ee 观看了宣传视频
[2019-03-06T09:35:09.002] [INFO] oth - 用户:魅力团队 id:109d8145-872e-42e7-897b-16619821a1ee 观看了宣传视频
[2019-03-06T10:37:02.652] [INFO] oth - 用户:皮肤管理 id:f2403ae4-55c4-4243-b780-2044673026d8 观看了宣传视频
[2019-03-06T10:52:32.668] [INFO] oth - 用户:陈美丽啊 id:547a34fd-b286-4025-bdb7-3fe8730b5786 观看了宣传视频
[2019-03-06T11:34:06.543] [INFO] oth - 用户:回不去的昨天 id:88831647-5137-42ef-9605-4d689d1f9140 观看了宣传视频
[2019-03-06T11:40:45.382] [INFO] oth - 用户:小酒窝👄 id:2f06413f-97b9-4e1b-844c-afe5abbb7af5 观看了宣传视频
[2019-03-06T11:42:02.873] [INFO] oth - 用户:姚宗海 id:51639fcd-dd68-42ab-a39d-bf613654684e 观看了宣传视频
[2019-03-06T12:31:50.226] [INFO] oth - 用户:未登录用户 id:#### 观看了宣传视频
[2019-03-06T12:33:42.814] [INFO] oth - 用户:A梦颜堂中药袪斑  美白  祛痘 id:0bf432ca-4ee3-40e6-bba4-0e440c24b5d7 观看了宣传视频
[2019-03-06T13:38:53.838] [INFO] oth - 用户:阿 讓我☆ve噯伱 id:a6065795-3321-426e-83c4-805b490596f4 观看了宣传视频
[2019-03-06T13:54:40.026] [INFO] oth - 用户:Carrie Han id:bd709c27-16ef-417a-b820-7461b7c23749 观看了宣传视频
[2019-03-06T14:03:27.967] [INFO] oth - 用户:～晗含Mam^_^ id:756fc645-928b-4991-b52e-862419e52eb5 观看了宣传视频
[2019-03-06T15:27:24.438] [INFO] oth - 用户:未登录用户 id:#### 观看了宣传视频
[2019-03-06T15:34:04.400] [INFO] oth - 用户:AEST－梁慧 id:2ac1be92-c294-4c67-8ac2-da34054e4c82 观看了宣传视频
[2019-03-06T15:49:20.775] [INFO] oth - 用户:未登录用户 id:#### 观看了宣传视频
[2019-03-06T16:39:34.410] [INFO] oth - 用户:wzy id:5d2ec7e9-9cbc-41a5-b613-77c6466032e9 观看了宣传视频
[2019-03-06T17:00:20.517] [INFO] oth - 用户:未登录用户 id:#### 观看了宣传视频
[2019-03-06T17:00:27.873] [INFO] oth - 用户: AAAA啊丽 id:26b5ae5f-dd63-4e18-b4b1-b30be3d89e32 观看了宣传视频
[2019-03-06T17:27:28.231] [INFO] oth - 用户:AA 唯美召香皮肤管理中心   王红 id:ac01771b-9620-4dda-aaff-83fba8962a33 观看了宣传视频
[2019-03-06T18:48:16.933] [INFO] oth - 用户:心如止水 id:1fff517b-aea1-4308-8f57-151ee4c6420d 观看了宣传视频
[2019-03-06T20:37:19.917] [INFO] oth - 用户:AEST-詹宝刚 id:d198e6fb-e9a3-4500-a70d-8951d367e5c1 观看了宣传视频
[2019-03-06T20:55:36.605] [INFO] oth - 用户:未登录用户 id:#### 观看了宣传视频
[2019-03-06T23:01:22.808] [INFO] oth - 用户:梦颜堂美容养生会所 id:99076f93-d442-466b-8d86-3e13f6c3f236 观看了宣传视频
[2019-03-06T23:31:24.731] [INFO] oth - 用户:李星霞（王梓妈妈） id:2360b63c-4538-40d6-90ae-9c4cb43d2124 观看了宣传视频
[2019-03-06T23:36:07.604] [INFO] oth - 用户:未登录用户 id:#### 观看了宣传视频
[2019-03-06T23:38:10.166] [INFO] oth - 用户:未登录用户 id:#### 观看了宣传视频
