[2019-03-20T08:34:20.917] [INFO] oth - 用户:未登录用户 id:#### 观看了宣传视频
[2019-03-20T08:44:02.167] [INFO] oth - 用户:悦己 id:3f682144-fcb4-49d2-8285-2f2ee406be17 观看了宣传视频
[2019-03-20T08:50:00.745] [INFO] oth - 用户:未登录用户 id:#### 观看了宣传视频
[2019-03-20T10:01:26.417] [INFO] oth - 用户:倾心 id:8e6718f0-0f99-48dd-b44c-62251e02f726 观看了宣传视频
[2019-03-20T10:20:10.104] [INFO] oth - 用户:浮云 id:1439677f-046b-4db1-9fbe-dde78e70c96e 观看了宣传视频
[2019-03-20T10:29:41.151] [INFO] oth - 用户:未登录用户 id:#### 观看了宣传视频
[2019-03-20T11:39:38.730] [INFO] oth - 用户:未登录用户 id:#### 观看了宣传视频
[2019-03-20T13:18:52.776] [INFO] oth - 用户:未登录用户 id:#### 观看了宣传视频
[2019-03-20T14:09:58.393] [INFO] oth - 用户:A～  梦 id:62c004d2-4c5c-4fd0-8a02-bd8ac193cdb6 观看了宣传视频
[2019-03-20T14:11:34.839] [INFO] oth - 用户:A～  梦 id:62c004d2-4c5c-4fd0-8a02-bd8ac193cdb6 观看了宣传视频
[2019-03-20T15:51:38.641] [INFO] oth - 用户:🌸莹莹🌸 id:2b3ab059-1fd2-4c5c-8192-52ae5b6142de 观看了宣传视频
[2019-03-20T15:57:10.844] [INFO] oth - 用户:wzy id:5d2ec7e9-9cbc-41a5-b613-77c6466032e9 观看了宣传视频
[2019-03-20T16:08:41.657] [INFO] oth - 用户:双平美容纹绣微整18049451332 id:9aea70dd-a560-4d3e-a240-ec46b71344fd 观看了宣传视频
[2019-03-20T16:16:38.079] [INFO] oth - 用户:未登录用户 id:#### 观看了宣传视频
[2019-03-20T16:48:19.532] [INFO] oth - 用户:奥瑞拉 id:387996e0-ca12-46e9-af57-ef28e2b6c7c9 观看了宣传视频
[2019-03-20T17:45:05.767] [INFO] oth - 用户:双平美容纹绣微整18049451332 id:9aea70dd-a560-4d3e-a240-ec46b71344fd 观看了宣传视频
[2019-03-20T18:22:02.954] [INFO] oth - 用户:田秀侠 id:bf82b7a2-8209-41a3-b4c9-f4d886e0bc36 观看了宣传视频
[2019-03-20T18:32:43.611] [INFO] oth - 用户:未登录用户 id:#### 观看了宣传视频
[2019-03-20T19:14:04.953] [INFO] oth - 用户:宸宸 id:f78558a8-9546-496a-92cc-09d074c35824 观看了宣传视频
[2019-03-20T19:21:43.078] [INFO] oth - 用户:诚信 id:828a4a9b-40a4-457b-a241-c75d109929fa 观看了宣传视频
[2019-03-20T20:30:50.501] [INFO] oth - 用户:未登录用户 id:#### 观看了宣传视频
[2019-03-20T20:30:52.579] [INFO] oth - 用户:未登录用户 id:#### 观看了宣传视频
[2019-03-20T21:50:40.313] [INFO] oth - 用户:董事长 id:2bcbb8e9-eaae-47a6-a12e-fabbdbc75cd1 观看了宣传视频
[2019-03-20T22:45:04.751] [INFO] oth - 用户:未登录用户 id:#### 观看了宣传视频
[2019-03-20T22:46:24.611] [INFO] oth - 用户:A绽放的百合 id:c5617e28-bd92-4fd4-a212-3569f6e4c037 观看了宣传视频
