[2019-03-18T06:00:04.706] [INFO] oth - 用户:刘素艳梦颜堂美容养生18245933944 id:4c5244f4-39dc-4f48-a73c-6d6859d0a7a2 观看了宣传视频
[2019-03-18T09:07:54.458] [INFO] oth - 用户:唯美度国际奥瑞拉美容 id:ddcfd0de-97d8-4cd5-9c33-ce336d39b125 观看了宣传视频
[2019-03-18T11:03:27.864] [INFO] oth - 用户:A000 唯美度 15573299055 id:ef66e85b-1c65-4332-b7b8-e31acd8ec4f7 观看了宣传视频
[2019-03-18T11:40:41.817] [INFO] oth - 用户:未登录用户 id:#### 观看了宣传视频
[2019-03-18T11:46:31.285] [INFO] oth - 用户:明圆 id:e77695fb-d832-46a0-b6a6-551fad20fe24 观看了宣传视频
[2019-03-18T12:48:30.583] [INFO] oth - 用户:13610520799娟子 id:8fad684f-8ebc-440f-875a-1e14d5a30d73 观看了宣传视频
[2019-03-18T12:51:13.974] [INFO] oth - 用户:未登录用户 id:#### 观看了宣传视频
[2019-03-18T13:51:39.870] [INFO] oth - 用户:妈妈的小拴柱 id:4f953f30-fa83-4892-afd4-57cfd69be7be 观看了宣传视频
[2019-03-18T13:59:14.614] [INFO] oth - 用户:笑拥孤独 id:2918b3c0-dbda-494c-9e36-d24f819e7cb5 观看了宣传视频
[2019-03-18T14:01:06.660] [INFO] oth - 用户:笑拥孤独 id:2918b3c0-dbda-494c-9e36-d24f819e7cb5 观看了宣传视频
[2019-03-18T14:02:27.301] [INFO] oth - 用户:未登录用户 id:#### 观看了宣传视频
[2019-03-18T14:35:08.239] [INFO] oth - 用户:︶ㄣ守护餂訫ㄜ︵ id:3289e6f0-3987-40f3-9542-193018110e89 观看了宣传视频
[2019-03-18T14:36:42.161] [INFO] oth - 用户:未登录用户 id:#### 观看了宣传视频
[2019-03-18T14:39:42.115] [INFO] oth - 用户:魅力@唯美国度 id:219d63f5-1d2b-4860-a8f7-b26b016af04c 观看了宣传视频
[2019-03-18T14:40:07.068] [INFO] oth - 用户:魅力@唯美国度 id:219d63f5-1d2b-4860-a8f7-b26b016af04c 观看了宣传视频
[2019-03-18T14:47:34.192] [INFO] oth - 用户:妈妈的小拴柱 id:4f953f30-fa83-4892-afd4-57cfd69be7be 观看了宣传视频
[2019-03-18T14:49:34.598] [INFO] oth - 用户:DIY智能光电美肤馆💞 娜娜 id:b82f8f77-6db5-4a7b-a2d4-15869978be7a 观看了宣传视频
[2019-03-18T14:54:50.848] [INFO] oth - 用户:唯美度养生SAP 会所🌺 id:3b0d693d-975a-4233-bd39-f6ce81987aa2 观看了宣传视频
[2019-03-18T14:59:41.707] [INFO] oth - 用户:顺其自然（德举蟹苗场） id:b1d32933-c810-4059-9442-30603eaf8f71 观看了宣传视频
[2019-03-18T16:03:22.583] [INFO] oth - 用户:未登录用户 id:#### 观看了宣传视频
[2019-03-18T16:20:57.037] [INFO] oth - 用户:陈敏怡 id:e33c0928-7b23-49a0-b974-561fded30d86 观看了宣传视频
[2019-03-18T17:06:39.130] [INFO] oth - 用户:S唯美召香皮肤管理~王林海 id:827261d2-dab2-41ed-9b35-c2a2efb3fb70 观看了宣传视频
[2019-03-18T17:07:54.942] [INFO] oth - 用户:S唯美召香皮肤管理~王林海 id:827261d2-dab2-41ed-9b35-c2a2efb3fb70 观看了宣传视频
[2019-03-18T17:33:31.270] [INFO] oth - 用户:李鑫 id:e4d71692-a7dc-49f2-b036-ceaac5ec9b8d 观看了宣传视频
[2019-03-18T18:17:52.489] [INFO] oth - 用户:刘璐 id:38bc5293-0ecd-4d90-8707-308b47edf47e 观看了宣传视频
[2019-03-18T18:46:19.942] [INFO] oth - 用户:AEST-高语莲 id:b4f04172-4d59-4a87-bba0-3aa7c0011daf 观看了宣传视频
[2019-03-18T19:01:18.176] [INFO] oth - 用户:未登录用户 id:#### 观看了宣传视频
[2019-03-18T19:15:51.489] [INFO] oth - 用户:未登录用户 id:#### 观看了宣传视频
[2019-03-18T19:35:11.957] [INFO] oth - 用户:思 id:6d2586b4-e47b-4bf8-af79-1f514b030e7d 观看了宣传视频
[2019-03-18T21:08:22.224] [INFO] oth - 用户:丽 id:5f039824-74ce-4c80-8514-2d8a5fd1da79 观看了宣传视频
[2019-03-18T22:21:17.896] [INFO] oth - 用户:夏日…阳光 id:bd7b6f5f-abdc-4958-bbd5-ef0fe9fdf3bc 观看了宣传视频
[2019-03-18T22:38:29.724] [INFO] oth - 用户:洁 id:ee2f8551-fe6b-4e83-883a-6e67ed14766b 观看了宣传视频
