[2019-03-15T07:10:46.523] [INFO] oth - 用户:雨晴dd id:665b6f40-153f-4d37-8c99-e0eda996f886 观看了宣传视频
[2019-03-15T07:19:45.288] [INFO] oth - 用户:未登录用户 id:#### 观看了宣传视频
[2019-03-15T08:14:20.412] [INFO] oth - 用户:未登录用户 id:#### 观看了宣传视频
[2019-03-15T09:24:33.320] [INFO] oth - 用户:💞Ss 👍 id:73cefe59-4b88-4e9e-a183-d87bd013e53f 观看了宣传视频
[2019-03-15T09:50:43.475] [INFO] oth - 用户:魅力@唯美国度 id:219d63f5-1d2b-4860-a8f7-b26b016af04c 观看了宣传视频
[2019-03-15T09:59:48.975] [INFO] oth - 用户:Crystall-水晶 id:76849daf-5aac-4d9f-889c-9f8cab3fe38d 观看了宣传视频
[2019-03-15T11:31:40.413] [INFO] oth - 用户:聆听❤花开的旋律 id:f8ee1b0f-1b4e-4086-9043-0eaf228b646f 观看了宣传视频
[2019-03-15T13:04:59.378] [INFO] oth - 用户:妈妈的小拴柱 id:4f953f30-fa83-4892-afd4-57cfd69be7be 观看了宣传视频
[2019-03-15T13:05:04.393] [INFO] oth - 用户:未登录用户 id:#### 观看了宣传视频
[2019-03-15T16:16:04.277] [INFO] oth - 用户:未登录用户 id:#### 观看了宣传视频
[2019-03-15T16:19:57.260] [INFO] oth - 用户:唯美度国际奥瑞拉美容 id:ddcfd0de-97d8-4cd5-9c33-ce336d39b125 观看了宣传视频
[2019-03-15T17:37:36.936] [INFO] oth - 用户:AEST -设计部 藏文雯18813173624 id:a937d8e0-3e9a-4809-a6b4-de0477c9edc9 观看了宣传视频
[2019-03-15T18:02:40.468] [INFO] oth - 用户:微笑 id:576ae28f-529d-4bed-8eaf-ac33a11ea873 观看了宣传视频
[2019-03-15T18:04:03.969] [INFO] oth - 用户:DIY智能光电美肤馆💞 娜娜 id:b82f8f77-6db5-4a7b-a2d4-15869978be7a 观看了宣传视频
[2019-03-15T19:32:46.873] [INFO] oth - 用户:亲子游玩特价票 id:af6d3742-38ba-4951-b36e-6dd5dc0965e6 观看了宣传视频
[2019-03-15T21:27:20.087] [INFO] oth - 用户:果 id:238d7914-398e-4bd2-bac2-c7c126b680c2 观看了宣传视频
[2019-03-15T21:27:32.196] [INFO] oth - 用户:果 id:238d7914-398e-4bd2-bac2-c7c126b680c2 观看了宣传视频
[2019-03-15T21:27:51.758] [INFO] oth - 用户:果 id:238d7914-398e-4bd2-bac2-c7c126b680c2 观看了宣传视频
[2019-03-15T21:28:03.821] [INFO] oth - 用户:果 id:238d7914-398e-4bd2-bac2-c7c126b680c2 观看了宣传视频
[2019-03-15T23:05:48.396] [INFO] oth - 用户:未登录用户 id:#### 观看了宣传视频
