[2019-03-05T14:08:46.699] [INFO] oth - 用户:未登录用户 id:#### 观看了宣传视频
[2019-03-05T14:12:37.624] [INFO] oth - 用户:未登录用户 id:#### 观看了宣传视频
[2019-03-05T14:18:34.059] [INFO] oth - 用户:兔子的蹩脚 id:4fd9c045-39c2-43e1-9fb4-ef007b2cf095 观看了宣传视频
[2019-03-05T14:20:33.867] [INFO] oth - 用户:兔子的蹩脚 id:4fd9c045-39c2-43e1-9fb4-ef007b2cf095 观看了宣传视频
[2019-03-05T14:55:07.133] [INFO] oth - 用户:未登录用户 id:#### 观看了宣传视频
[2019-03-05T14:55:20.345] [INFO] oth - 用户:未登录用户 id:#### 观看了宣传视频
[2019-03-05T14:57:27.083] [INFO] oth - 用户:A  🍀  清风烈酒 id:62409c9b-954a-45e4-aaa7-f5f7ed0d72df 观看了宣传视频
[2019-03-05T15:18:20.433] [INFO] oth - 用户:心岚港货贸易批发商行 九合一疫苗 id:eae553d7-2127-490f-96ef-d293e7db4492 观看了宣传视频
[2019-03-05T15:33:10.805] [INFO] oth - 用户:平平 id:f0abda8c-4a7c-45e8-8934-c886837f223d 观看了宣传视频
[2019-03-05T15:54:42.876] [INFO] oth - 用户:AEST唯美度代理商 id:8b0fa6a3-9ade-46bf-8aec-0315f26cc410 观看了宣传视频
[2019-03-05T16:08:54.018] [INFO] oth - 用户:兔子的蹩脚 id:4fd9c045-39c2-43e1-9fb4-ef007b2cf095 观看了宣传视频
[2019-03-05T16:54:39.176] [INFO] oth - 用户:水晶 id:dc47be50-35f9-4bb8-a16c-5028630112b1 观看了宣传视频
[2019-03-05T17:07:48.307] [INFO] oth - 用户:最美的时光 id:5a6ffe6c-c34a-440e-b674-e1075884b0b5 观看了宣传视频
[2019-03-05T17:32:41.965] [INFO] oth - 用户:未登录用户 id:#### 观看了宣传视频
[2019-03-05T17:45:34.617] [INFO] oth - 用户:未登录用户 id:#### 观看了宣传视频
[2019-03-05T17:45:52.366] [INFO] oth - 用户:未登录用户 id:#### 观看了宣传视频
[2019-03-05T17:45:53.369] [INFO] oth - 用户:Aest唯美度国际美容连锁店 id:bbe0e256-4687-4e15-b50d-9b3d8448dd93 观看了宣传视频
[2019-03-05T17:45:56.265] [INFO] oth - 用户:未登录用户 id:#### 观看了宣传视频
[2019-03-05T17:46:26.223] [INFO] oth - 用户:梦颜堂美容养生会所 id:99076f93-d442-466b-8d86-3e13f6c3f236 观看了宣传视频
[2019-03-05T18:24:14.181] [INFO] oth - 用户:丶無~奈丶 id:173cb14b-2979-4e74-988a-14f0d0695f02 观看了宣传视频
[2019-03-05T18:57:59.261] [INFO] oth - 用户:未登录用户 id:#### 观看了宣传视频
[2019-03-05T18:58:24.102] [INFO] oth - 用户:未登录用户 id:#### 观看了宣传视频
[2019-03-05T19:11:55.930] [INFO] oth - 用户:回忆的沙漏 id:3eda84e3-11e6-4001-8948-2d1da98b82af 观看了宣传视频
[2019-03-05T19:11:58.104] [INFO] oth - 用户:回忆的沙漏 id:3eda84e3-11e6-4001-8948-2d1da98b82af 观看了宣传视频
[2019-03-05T19:34:41.778] [INFO] oth - 用户:未登录用户 id:#### 观看了宣传视频
[2019-03-05T19:56:50.458] [INFO] oth - 用户:未登录用户 id:#### 观看了宣传视频
[2019-03-05T20:21:12.779] [INFO] oth - 用户:刘洋 id:3b1777ac-8761-4b31-9ccf-f2e9fad126aa 观看了宣传视频
[2019-03-05T20:32:19.561] [INFO] oth - 用户: id:1a82b17d-8da7-44fd-bf10-d66699e284ac 观看了宣传视频
[2019-03-05T20:40:50.846] [INFO] oth - 用户:未登录用户 id:#### 观看了宣传视频
[2019-03-05T21:27:55.554] [INFO] oth - 用户:AEST-沈阳牛静 id:322d61b4-0a35-4f77-a900-4d89ac03fc5e 观看了宣传视频
[2019-03-05T21:33:35.651] [INFO] oth - 用户:🍀岁月静好🍀 id:e0db090a-a3e7-4250-ae2e-940424005db0 观看了宣传视频
[2019-03-05T22:03:30.815] [INFO] oth - 用户:未登录用户 id:#### 观看了宣传视频
[2019-03-05T22:22:00.924] [INFO] oth - 用户:佳佳 id:9fcc0fa9-8ac3-498a-8c2e-6660677632fb 观看了宣传视频
