[2019-03-24T05:44:25.585] [INFO] oth - 用户:郭紫阳 id:d174e3ea-c96e-457c-95aa-81762694019f 观看了宣传视频
[2019-03-24T06:09:23.085] [INFO] oth - 用户:萱 id:aa46c1fc-4cb6-48b8-bf4c-a3d7cb7bb430 观看了宣传视频
[2019-03-24T06:22:10.467] [INFO] oth - 用户:未登录用户 id:#### 观看了宣传视频
[2019-03-24T07:19:00.475] [INFO] oth - 用户:如果当初 id:38f4ee86-fd05-4ba2-960f-3ae8e9e17d9e 观看了宣传视频
[2019-03-24T07:45:05.927] [INFO] oth - 用户:幸运 id:4cb094e2-64b9-4c53-b28a-ae925108272a 观看了宣传视频
[2019-03-24T08:00:36.552] [INFO] oth - 用户:未登录用户 id:#### 观看了宣传视频
[2019-03-24T09:16:58.242] [INFO] oth - 用户:洪亮 id:86d7e102-bfc2-4164-9885-9d879806449e 观看了宣传视频
[2019-03-24T10:14:16.068] [INFO] oth - 用户:梦幻人生 id:7ba62ff4-d002-4393-a04e-96064cae21b2 观看了宣传视频
[2019-03-24T11:19:54.943] [INFO] oth - 用户:未登录用户 id:#### 观看了宣传视频
[2019-03-24T12:29:17.990] [INFO] oth - 用户:艾丽薇兰祛痘斑皱 纹绣美甲 id:80da3e6b-cc88-44af-9626-5cd78d32c31c 观看了宣传视频
[2019-03-24T13:54:30.521] [INFO] oth - 用户:未登录用户 id:#### 观看了宣传视频
[2019-03-24T14:04:26.703] [INFO] oth - 用户:未登录用户 id:#### 观看了宣传视频
[2019-03-24T16:09:44.249] [INFO] oth - 用户:未登录用户 id:#### 观看了宣传视频
[2019-03-24T17:30:16.412] [INFO] oth - 用户:荣姐（玉荣） id:abc4d904-52c8-4b13-a6d0-d716c33a48ce 观看了宣传视频
[2019-03-24T22:56:45.241] [INFO] oth - 用户:A👄 👄 👄 id:6e4a94f5-2cc2-488d-a621-4f7bb0ef2422 观看了宣传视频
[2019-03-24T22:56:54.835] [INFO] oth - 用户:A👄 👄 👄 id:6e4a94f5-2cc2-488d-a621-4f7bb0ef2422 观看了宣传视频
[2019-03-24T22:56:56.147] [INFO] oth - 用户:A👄 👄 👄 id:6e4a94f5-2cc2-488d-a621-4f7bb0ef2422 观看了宣传视频
[2019-03-24T22:56:58.819] [INFO] oth - 用户:A👄 👄 👄 id:6e4a94f5-2cc2-488d-a621-4f7bb0ef2422 观看了宣传视频
[2019-03-24T22:57:09.753] [INFO] oth - 用户:A👄 👄 👄 id:6e4a94f5-2cc2-488d-a621-4f7bb0ef2422 观看了宣传视频
[2019-03-24T23:59:38.551] [INFO] oth - 用户:😇 id:5afde037-5b95-41e9-bb72-48809d344256 观看了宣传视频
