[2019-03-19T01:09:43.520] [INFO] oth - 用户:唯美度^_^春霞 id:e2ba065c-5457-4d86-8217-af0b1c46e38c 观看了宣传视频
[2019-03-19T02:27:36.504] [INFO] oth - 用户:未登录用户 id:#### 观看了宣传视频
[2019-03-19T08:45:57.803] [INFO] oth - 用户:👣 id:c4617bcc-0bc6-4af4-83a4-e941ccf384fa 观看了宣传视频
[2019-03-19T08:47:43.381] [INFO] oth - 用户:乐哒哒 id:35e22b4f-3377-434c-b0bf-e8ca69c6bb40 观看了宣传视频
[2019-03-19T09:51:32.006] [INFO] oth - 用户:唯美度～～ id:13531f00-8aed-4e66-b828-c9166ea3b346 观看了宣传视频
[2019-03-19T09:53:37.084] [INFO] oth - 用户:韩国S召香皮肤管理《丽》 id:71dd1a97-6452-4eb6-9f28-dad6efedfee6 观看了宣传视频
[2019-03-19T09:54:01.210] [INFO] oth - 用户:韩国S召香皮肤管理《丽》 id:71dd1a97-6452-4eb6-9f28-dad6efedfee6 观看了宣传视频
[2019-03-19T10:10:50.523] [INFO] oth - 用户:未登录用户 id:#### 观看了宣传视频
[2019-03-19T10:17:18.678] [INFO] oth - 用户:未登录用户 id:#### 观看了宣传视频
[2019-03-19T10:43:22.178] [INFO] oth - 用户:承诺熠生 id:77c3bbc4-531a-4d86-89a6-0c42c2946b25 观看了宣传视频
[2019-03-19T10:54:47.850] [INFO] oth - 用户:未登录用户 id:#### 观看了宣传视频
[2019-03-19T11:03:32.616] [INFO] oth - 用户:美妆养身理疗养生会所 id:b1a70e86-23d3-4c38-b1c7-442b173da6df 观看了宣传视频
[2019-03-19T11:21:05.053] [INFO] oth - 用户:🌹夏末～秋至 id:e83bda6d-d6d4-4a85-808c-1f460f88cea6 观看了宣传视频
[2019-03-19T11:22:57.773] [INFO] oth - 用户:未登录用户 id:#### 观看了宣传视频
[2019-03-19T11:29:09.553] [INFO] oth - 用户:期待 id:a9fe46d7-eae4-468e-add3-64571f98e8eb 观看了宣传视频
[2019-03-19T11:55:13.210] [INFO] oth - 用户:王雨🌞 id:46bcc959-da30-4ae2-9e56-e2b5b76d6baa 观看了宣传视频
[2019-03-19T12:17:21.039] [INFO] oth - 用户:莹莹 id:8e3d19de-6b93-4a8f-970b-0cb2ea7268dc 观看了宣传视频
[2019-03-19T13:27:12.584] [INFO] oth - 用户:默默 id:289cb4bf-4289-4b71-b98c-04d33529dd4d 观看了宣传视频
[2019-03-19T13:42:11.694] [INFO] oth - 用户:DIY智能光电美肤馆💞 娜娜 id:b82f8f77-6db5-4a7b-a2d4-15869978be7a 观看了宣传视频
[2019-03-19T13:43:57.772] [INFO] oth - 用户:安然 id:d2700bbd-4d09-43c3-9f59-2e268026c3d2 观看了宣传视频
[2019-03-19T14:00:25.617] [INFO] oth - 用户:微笑 id:64151014-205b-490f-a184-df05f9ac24e5 观看了宣传视频
[2019-03-19T14:02:23.132] [INFO] oth - 用户:💗晴💕 id:26a87f4a-6a83-41f7-86ae-00fe9f565636 观看了宣传视频
[2019-03-19T14:27:03.288] [INFO] oth - 用户:李净珊 id:a11a7b6c-3cf9-430f-8ba7-1fd81171d25d 观看了宣传视频
[2019-03-19T14:33:20.007] [INFO] oth - 用户:李净珊 id:a11a7b6c-3cf9-430f-8ba7-1fd81171d25d 观看了宣传视频
[2019-03-19T14:39:17.445] [INFO] oth - 用户:丽 id:9827ca7c-051d-4a53-8c5e-8b914a5e7e35 观看了宣传视频
[2019-03-19T14:39:26.695] [INFO] oth - 用户:李净珊 id:a11a7b6c-3cf9-430f-8ba7-1fd81171d25d 观看了宣传视频
[2019-03-19T14:40:36.256] [INFO] oth - 用户:爱做梦的小菇凉 * id:52efe5de-65b2-431e-afaa-a8fe78f201ba 观看了宣传视频
[2019-03-19T15:24:24.476] [INFO] oth - 用户:以你为瘾. id:a079612c-34e5-4a99-8f86-6040b4c5d8c1 观看了宣传视频
[2019-03-19T15:47:32.914] [INFO] oth - 用户:意尔康专卖店 id:bcfad34c-6878-4fab-a870-e208de66c734 观看了宣传视频
[2019-03-19T16:10:41.678] [INFO] oth - 用户:未登录用户 id:#### 观看了宣传视频
[2019-03-19T17:39:06.444] [INFO] oth - 用户:金花 id:a09117aa-237f-4d09-a200-434982fb2b44 观看了宣传视频
[2019-03-19T18:17:23.084] [INFO] oth - 用户:艺婷吖 id:1b2b7efd-f146-43fb-a806-aa1b8f0dc950 观看了宣传视频
[2019-03-19T18:32:45.945] [INFO] oth - 用户:如果当初 id:38f4ee86-fd05-4ba2-960f-3ae8e9e17d9e 观看了宣传视频
[2019-03-19T18:54:10.178] [INFO] oth - 用户:未登录用户 id:#### 观看了宣传视频
[2019-03-19T19:19:30.053] [INFO] oth - 用户:心逸 id:93de33ec-4b9c-4d61-8697-88bb346f90af 观看了宣传视频
[2019-03-19T19:34:06.366] [INFO] oth - 用户:唯美度美容纹绣，跟妆13834703574 id:c7038e58-3d3e-4c47-8697-ae1b3a09ed15 观看了宣传视频
[2019-03-19T23:14:54.725] [INFO] oth - 用户:未登录用户 id:#### 观看了宣传视频
