[2019-03-14T00:05:52.815] [INFO] oth - 用户:未登录用户 id:#### 观看了宣传视频
[2019-03-14T00:06:39.409] [INFO] oth - 用户:未登录用户 id:#### 观看了宣传视频
[2019-03-14T00:10:58.019] [INFO] oth - 用户:未登录用户 id:#### 观看了宣传视频
[2019-03-14T06:30:44.671] [INFO] oth - 用户:未登录用户 id:#### 观看了宣传视频
[2019-03-14T06:42:38.999] [INFO] oth - 用户:秋天红叶 id:75771f28-c5d4-48c4-9628-c5c8f7e2b6ac 观看了宣传视频
[2019-03-14T08:04:47.281] [INFO] oth - 用户:洪亮 id:86d7e102-bfc2-4164-9885-9d879806449e 观看了宣传视频
[2019-03-14T09:05:27.045] [INFO] oth - 用户:一帆 id:6890b6c1-1c07-4a37-8924-60b4acc2e587 观看了宣传视频
[2019-03-14T10:32:58.312] [INFO] oth - 用户:陈莉 id:df390719-e965-400b-b7c6-d0d72fd4e827 观看了宣传视频
[2019-03-14T12:33:38.061] [INFO] oth - 用户:安稳 id:ebf8ffcc-ab35-41bb-bc57-d1f8c989a16a 观看了宣传视频
[2019-03-14T13:25:56.187] [INFO] oth - 用户:未登录用户 id:#### 观看了宣传视频
[2019-03-14T13:37:02.812] [INFO] oth - 用户:未登录用户 id:#### 观看了宣传视频
[2019-03-14T13:45:27.577] [INFO] oth - 用户:唯美度美容会馆 id:faee15b9-7b23-47e8-93c0-0a8db7d148be 观看了宣传视频
[2019-03-14T13:50:10.671] [INFO] oth - 用户:唯美度美容会馆 id:faee15b9-7b23-47e8-93c0-0a8db7d148be 观看了宣传视频
[2019-03-14T13:52:58.171] [INFO] oth - 用户:小溪 id:aa4415d9-4d40-4541-a784-51f0e25e98b9 观看了宣传视频
[2019-03-14T14:34:09.531] [INFO] oth - 用户:俏妈妈奥瑞拉会所 id:7542f66e-5258-48eb-aaef-6cc224b1ab41 观看了宣传视频
[2019-03-14T14:36:38.515] [INFO] oth - 用户:未登录用户 id:#### 观看了宣传视频
[2019-03-14T15:07:41.279] [INFO] oth - 用户:唯美度国际奥瑞拉美容 id:ddcfd0de-97d8-4cd5-9c33-ce336d39b125 观看了宣传视频
[2019-03-14T15:46:54.015] [INFO] oth - 用户:A王菲 id:08a69e00-8bd5-4d82-ac28-5678dbe9bf68 观看了宣传视频
[2019-03-14T16:51:27.631] [INFO] oth - 用户:唯美度美容会馆 id:faee15b9-7b23-47e8-93c0-0a8db7d148be 观看了宣传视频
[2019-03-14T17:13:59.039] [INFO] oth - 用户:未登录用户 id:#### 观看了宣传视频
[2019-03-14T17:14:00.710] [INFO] oth - 用户:唯美度美容会馆 id:faee15b9-7b23-47e8-93c0-0a8db7d148be 观看了宣传视频
[2019-03-14T17:35:10.663] [INFO] oth - 用户:微笑 id:576ae28f-529d-4bed-8eaf-ac33a11ea873 观看了宣传视频
[2019-03-14T17:48:53.663] [INFO] oth - 用户:韩国S召香皮肤管理《丽》 id:71dd1a97-6452-4eb6-9f28-dad6efedfee6 观看了宣传视频
[2019-03-14T20:05:49.178] [INFO] oth - 用户:yuki so潮童馆 旖旎  id:830c33ce-9de4-4dee-8799-662cafa95a21 观看了宣传视频
[2019-03-14T22:05:25.069] [INFO] oth - 用户:出路无常，戒浮躁～ id:575415cd-3ad0-4873-babc-b27d540ea27c 观看了宣传视频
