[2019-03-22T00:13:55.723] [INFO] oth - 用户:好心情 id:7dde069f-94e6-40de-ae71-5a1f548cdce5 观看了宣传视频
[2019-03-22T06:27:58.629] [INFO] oth - 用户:一览芳华 id:94b52539-8885-45f8-958c-7e0010554eea 观看了宣传视频
[2019-03-22T06:57:54.598] [INFO] oth - 用户:未登录用户 id:#### 观看了宣传视频
[2019-03-22T07:21:30.161] [INFO] oth - 用户:未登录用户 id:#### 观看了宣传视频
[2019-03-22T08:27:28.240] [INFO] oth - 用户:畅游吴涛【🎸】13805539337 id:816b0229-0a71-4c3c-ba68-8a744df0b222 观看了宣传视频
[2019-03-22T11:20:10.332] [INFO] oth - 用户:Queen id:1a7cbe94-b9d5-44e6-bb18-9f6152575f34 观看了宣传视频
[2019-03-22T12:52:36.083] [INFO] oth - 用户:未登录用户 id:#### 观看了宣传视频
[2019-03-22T13:03:31.395] [INFO] oth - 用户:倚栏听风 id:6794400f-ce2f-4b7a-8d67-6b94ada996b6 观看了宣传视频
[2019-03-22T13:30:03.771] [INFO] oth - 用户:卍常戒师、 id:65aaa0f4-a597-40ef-957d-faf4c7541329 观看了宣传视频
[2019-03-22T13:30:29.380] [INFO] oth - 用户:卍常戒师、 id:65aaa0f4-a597-40ef-957d-faf4c7541329 观看了宣传视频
[2019-03-22T14:22:59.880] [INFO] oth - 用户:Dear 尐繌苽 id:784f6e95-2266-483f-837b-3ae6b6f10405 观看了宣传视频
[2019-03-22T15:18:45.537] [INFO] oth - 用户:悠然 id:3ebe0d17-0429-4e4a-9893-35551869d803 观看了宣传视频
[2019-03-22T16:26:23.023] [INFO] oth - 用户:未登录用户 id:#### 观看了宣传视频
[2019-03-22T16:31:05.286] [INFO] oth - 用户:未登录用户 id:#### 观看了宣传视频
[2019-03-22T17:36:57.379] [INFO] oth - 用户:雪花小草 id:08ad1e61-744c-47c5-b4ef-3a1ffa51b8a4 观看了宣传视频
[2019-03-22T18:09:02.818] [INFO] oth - 用户:AEST-张焓 id:8cb49951-dd73-4b07-9b2f-4631e18a4502 观看了宣传视频
[2019-03-22T18:47:40.349] [INFO] oth - 用户:花～低语 id:bde7c8bc-7700-41fd-b084-c331e827eedd 观看了宣传视频
[2019-03-22T19:00:02.537] [INFO] oth - 用户:沉默 id:f36c2396-0232-4da1-b522-305ced389d64 观看了宣传视频
[2019-03-22T19:50:52.864] [INFO] oth - 用户:未登录用户 id:#### 观看了宣传视频
[2019-03-22T21:02:27.689] [INFO] oth - 用户:起๑點 id:adb752c0-e174-445d-9992-31cb59c942b7 观看了宣传视频
[2019-03-22T21:02:39.911] [INFO] oth - 用户:娜娜 id:e9d10a08-9ce3-4d2c-87dd-6cc74cae6d8c 观看了宣传视频
[2019-03-22T22:58:54.770] [INFO] oth - 用户:范范 id:179d6ec1-1954-4d14-82eb-ece8d3b4bd79 观看了宣传视频
